\BOOKMARK [0][-]{chapter.1}{Einleitung}{}% 1
\BOOKMARK [0][-]{chapter.2}{Ausgangssituation}{}% 2
\BOOKMARK [1][-]{section.2.1}{Das LEGO Mindstorms NXT System}{chapter.2}% 3
\BOOKMARK [2][-]{subsection.2.1.1}{Hardware}{section.2.1}% 4
\BOOKMARK [1][-]{section.2.2}{Die Arbeit mit LEGO-Robotern im Unterricht}{chapter.2}% 5
\BOOKMARK [2][-]{subsection.2.2.1}{Curriculare Einordnung}{section.2.2}% 6
\BOOKMARK [0][-]{chapter.3}{Bisher verf\374gbare Softwarel\366sungen}{}% 7
\BOOKMARK [1][-]{section.3.1}{LEGO Mindstorms NXT}{chapter.3}% 8
\BOOKMARK [1][-]{section.3.2}{Enchanting}{chapter.3}% 9
\BOOKMARK [1][-]{section.3.3}{Schriftliche Programmierung von NXT-Robotern}{chapter.3}% 10
\BOOKMARK [2][-]{subsection.3.3.1}{BlueJ}{section.3.3}% 11
\BOOKMARK [2][-]{subsection.3.3.2}{leJOS}{section.3.3}% 12
\BOOKMARK [1][-]{section.3.4}{Simulationsumgebungen}{chapter.3}% 13
\BOOKMARK [0][-]{chapter.4}{Anforderungen an die Neuimplementierung}{}% 14
\BOOKMARK [1][-]{section.4.1}{Sch\374lerperspektive}{chapter.4}% 15
\BOOKMARK [1][-]{section.4.2}{Lehrkraft}{chapter.4}% 16
\BOOKMARK [1][-]{section.4.3}{Erweiterbarkeit}{chapter.4}% 17
\BOOKMARK [0][-]{chapter.5}{Entwickelte Software}{}% 18
\BOOKMARK [1][-]{section.5.1}{Prozesse w\344hrend der Implementation}{chapter.5}% 19
\BOOKMARK [2][-]{subsection.5.1.1}{Mock-Ups}{section.5.1}% 20
\BOOKMARK [2][-]{subsection.5.1.2}{Schritte w\344hrend der Implementation}{section.5.1}% 21
\BOOKMARK [2][-]{subsection.5.1.3}{Integration in BlueJ}{section.5.1}% 22
\BOOKMARK [1][-]{section.5.2}{Beschreibung der Software}{chapter.5}% 23
\BOOKMARK [1][-]{section.5.3}{Softwarearchitektur}{chapter.5}% 24
\BOOKMARK [2][-]{subsection.5.3.1}{Klassen der API}{section.5.3}% 25
\BOOKMARK [2][-]{subsection.5.3.2}{Die Simulationsumgebung}{section.5.3}% 26
\BOOKMARK [0][-]{chapter.6}{Fazit und Ausblick}{}% 27
\BOOKMARK [1][-]{section.6.1}{Umsetzung der Anforderungen}{chapter.6}% 28
\BOOKMARK [1][-]{section.6.2}{Verbesserungen und Erweiterungen}{chapter.6}% 29
