mktextfm ptmr8t+20
mktextfm ptmr8t-20
mktextfm ptmri7t+20
mktextfm ptmri7t-20
mktextfm ptmr8t+20
mktextfm ptmr8t-20
mktextfm ptmr8t+20
mktextfm ptmr8t-20
mktextfm ptmrc8t+100ls+20
mktextfm ptmrc8t+100ls-20
mktextfm ptmrc8t-20
mktextfm ptmri8t+20
mktextfm ptmri8t-20
mktextfm ptmrc8t+100ls+20
mktextfm ptmrc8t+100ls-20
mktextfm ptmrc8t-20
mktextfm ptmro8t+20
mktextfm ptmro8t-20
mktextfm ptmr8t+20
mktextfm ptmr8t-20
mktextfm ptmri7t+20
mktextfm ptmri7t-20
mktextfm ptmr8t+20
mktextfm ptmr8t-20
mktextfm ptmr8t+20
mktextfm ptmr8t-20
mktextfm ptmrc8t+100ls+20
mktextfm ptmrc8t+100ls-20
mktextfm ptmrc8t-20
mktextfm ptmri8t+20
mktextfm ptmri8t-20
mktextfm ptmrc8t+100ls+20
mktextfm ptmrc8t+100ls-20
mktextfm ptmrc8t-20
mktextfm ptmro8t+20
mktextfm ptmro8t-20
